<?xml version="1.0" encoding="UTF-8"?>
<!-- Generated by org.testng.reporters.JUnitXMLReporter -->
<testsuite hostname="AU5CG0013TJV" ignored="0" name="Test" tests="9" failures="0" timestamp="2020-01-23T21:33:17 AEDT" time="0.105" errors="0">
  <testcase name="weberror" time="0.017" classname="mavinautomationlearning.webTest"/>
  <testcase name="weblogin" time="0.001" classname="mavinautomationlearning.webTest"/>
  <testcase name="webredemption" time="0.001" classname="mavinautomationlearning.webTest"/>
  <testcase name="moberror" time="0.001" classname="mavinautomationlearning.mobileTest"/>
  <testcase name="moblogin" time="0.0" classname="mavinautomationlearning.mobileTest"/>
  <testcase name="mobredemption" time="0.001" classname="mavinautomationlearning.mobileTest"/>
  <testcase name="apierror" time="0.001" classname="mavinautomationlearning.APITest"/>
  <testcase name="apilogin" time="0.001" classname="mavinautomationlearning.APITest"/>
  <testcase name="apiredemption" time="0.0" classname="mavinautomationlearning.APITest"/>
</testsuite> <!-- Test -->
